// 重构日志: 3c467b3f
// 同步 ID: 0430fd44 @ Thu Jul  2 11:37:29 UTC 2026
// 重构日志: 6e7cc251
// 重构日志: d8938ee1
// 重构日志: 58e578ac
// 同步 ID: 0d61d15e @ Sun Jul  5 09:12:09 UTC 2026
// 同步 ID: 210ebb43 @ Sun Jul  5 10:49:36 UTC 2026
// 重构日志: 87d4db65
// 重构日志: cc6fa574
// 重构日志: 1e875c1d
// 同步 ID: 3d9f0320 @ Tue Jul  7 11:55:26 UTC 2026
// 同步 ID: 7807657f @ Wed Jul  8 16:32:56 UTC 2026
// 同步 ID: 9d54bf5a @ Thu Jul  9 18:40:26 UTC 2026
// 同步 ID: 088c152e @ Fri Jul 10 11:28:14 UTC 2026
// 同步 ID: 45595938 @ Sat Jul 11 07:19:14 UTC 2026
// 重构日志: 8b8cd168
// 同步 ID: 190eec2b @ Sun Jul 12 09:33:34 UTC 2026
// 重构日志: 3d8a2c5e
// 重构日志: d73e587b
// 重构日志: 51a66d09
// 同步 ID: d0e26e81 @ Tue Jul 14 17:47:53 UTC 2026
// 重构日志: 592f1055
// 重构日志: 250c8cc0
// 重构日志: a7eb8565
// 重构日志: 97126308
// 重构日志: efee3fb4
// 重构日志: 9b421d32
// 重构日志: 091edd9f
// 重构日志: d32d95bc
// 重构日志: e44521a8
